2023-02-04T08:21:13+00:00 CRITICAL Uncaught TypeError: strstr(): Argument #1 ($haystack) must be of type string, WP_Error given in /var/www/html/wp-includes/functions.php:1145
Stack trace:
#0 /var/www/html/wp-includes/functions.php(1145): strstr()
#1 /var/www/html/wp-content/plugins/pofily-woo-product-filters/public/class-woo-product-filters-public.php(1123): add_query_arg()
#2 /var/www/html/wp-content/plugins/pofily-woo-product-filters/public/class-woo-product-filters-public.php(1182): VIWCPF_Woo_Product_Filters_Public->viwcpf_get_current_page_url()
#3 /var/www/html/wp-content/plugins/pofily-woo-product-filters/public/partials/template/viwcpf-template-checkbox.php(56): VIWCPF_Woo_Product_Filters_Public->viwcpf_get_clear_url()
#4 /var/www/html/wp-content/plugins/pofily-woo-product-filters/public/class-woo-product-filters-public.php(484): require('...')
#5 /var/www/html/wp-content/plugins/pofily-woo-product-filters/public/class-woo-product-filters-public.php(297): VIWCPF_Woo_Product_Filters_Public->viwcpf_get_template_by_type_show()
#6 /var/www/html/wp-includes/shortcodes.php(355): VIWCPF_Woo_Product_Filters_Public->viwcpf_menu_shortcode()
#7 [internal function]: do_shortcode_tag()
#8 /var/www/html/wp-includes/shortcodes.php(227): preg_replace_callback()
#9 /var/www/html/wp-content/plugins/pofily-woo-product-filters/admin/partials/widget/viwcpf.widget_menu_filter.php(81): do_shortcode()
#10 /var/www/html/wp-includes/class-wp-widget.php(394): VIWCPF_Free_Widget_Filter_Menu->widget()
#11 /var/www/html/wp-includes/widgets.php(835): WP_Widget->display_callback()
#12 /var/www/html/wp-content/themes/astral/sidebar.php(3): dynamic_sidebar()
#13 /var/www/html/wp-includes/template.php(783): require_once('...')
#14 /var/www/html/wp-includes/template.php(718): load_template()
#15 /var/www/html/wp-includes/general-template.php(136): locate_template()
#16 /var/www/html/wp-content/themes/astral/woocommerce/global/sidebar.php(22): get_sidebar()
#17 /var/www/html/wp-content/plugins/woocommerce/includes/wc-core-functions.php(345): include('...')
#18 /var/www/html/wp-content/plugins/woocommerce/includes/wc-template-functions.php(1039): wc_get_template()
#19 /var/www/html/wp-includes/class-wp-hook.php(308): woocommerce_get_sidebar()
#20 /var/www/html/wp-includes/class-wp-hook.php(332): WP_Hook->apply_filters()
#21 /var/www/html/wp-includes/plugin.php(517): WP_Hook->do_action()
#22 /var/www/html/wp-content/themes/astral/woocommerce/archive-product.php(87): do_action()
#23 /var/www/html/wp-content/plugins/woocommerce/includes/wc-core-functions.php(345): include('...')
#24 /var/www/html/wp-content/themes/astral/woocommerce/taxonomy-product-cat.php(22): wc_get_template()
#25 /var/www/html/wp-includes/template-loader.php(106): include('...')
#26 /var/www/html/wp-blog-header.php(19): require_once('...')
#27 /var/www/html/index.php(17): require('...')
#28 {main}
  thrown in /var/www/html/wp-includes/functions.php on line 1145

2023-02-04T08:21:22+00:00 CRITICAL Uncaught TypeError: strstr(): Argument #1 ($haystack) must be of type string, WP_Error given in /var/www/html/wp-includes/functions.php:1145
Stack trace:
#0 /var/www/html/wp-includes/functions.php(1145): strstr()
#1 /var/www/html/wp-content/plugins/pofily-woo-product-filters/public/class-woo-product-filters-public.php(1123): add_query_arg()
#2 /var/www/html/wp-content/plugins/pofily-woo-product-filters/public/class-woo-product-filters-public.php(1182): VIWCPF_Woo_Product_Filters_Public->viwcpf_get_current_page_url()
#3 /var/www/html/wp-content/plugins/pofily-woo-product-filters/public/partials/template/viwcpf-template-checkbox.php(56): VIWCPF_Woo_Product_Filters_Public->viwcpf_get_clear_url()
#4 /var/www/html/wp-content/plugins/pofily-woo-product-filters/public/class-woo-product-filters-public.php(484): require('...')
#5 /var/www/html/wp-content/plugins/pofily-woo-product-filters/public/class-woo-product-filters-public.php(297): VIWCPF_Woo_Product_Filters_Public->viwcpf_get_template_by_type_show()
#6 /var/www/html/wp-includes/shortcodes.php(355): VIWCPF_Woo_Product_Filters_Public->viwcpf_menu_shortcode()
#7 [internal function]: do_shortcode_tag()
#8 /var/www/html/wp-includes/shortcodes.php(227): preg_replace_callback()
#9 /var/www/html/wp-content/plugins/pofily-woo-product-filters/admin/partials/widget/viwcpf.widget_menu_filter.php(81): do_shortcode()
#10 /var/www/html/wp-includes/class-wp-widget.php(394): VIWCPF_Free_Widget_Filter_Menu->widget()
#11 /var/www/html/wp-includes/widgets.php(835): WP_Widget->display_callback()
#12 /var/www/html/wp-content/themes/astral/sidebar.php(3): dynamic_sidebar()
#13 /var/www/html/wp-includes/template.php(783): require_once('...')
#14 /var/www/html/wp-includes/template.php(718): load_template()
#15 /var/www/html/wp-includes/general-template.php(136): locate_template()
#16 /var/www/html/wp-content/themes/astral/woocommerce/global/sidebar.php(22): get_sidebar()
#17 /var/www/html/wp-content/plugins/woocommerce/includes/wc-core-functions.php(345): include('...')
#18 /var/www/html/wp-content/plugins/woocommerce/includes/wc-template-functions.php(1039): wc_get_template()
#19 /var/www/html/wp-includes/class-wp-hook.php(308): woocommerce_get_sidebar()
#20 /var/www/html/wp-includes/class-wp-hook.php(332): WP_Hook->apply_filters()
#21 /var/www/html/wp-includes/plugin.php(517): WP_Hook->do_action()
#22 /var/www/html/wp-content/themes/astral/woocommerce/archive-product.php(87): do_action()
#23 /var/www/html/wp-content/plugins/woocommerce/includes/wc-core-functions.php(345): include('...')
#24 /var/www/html/wp-content/themes/astral/woocommerce/taxonomy-product-cat.php(22): wc_get_template()
#25 /var/www/html/wp-includes/template-loader.php(106): include('...')
#26 /var/www/html/wp-blog-header.php(19): require_once('...')
#27 /var/www/html/index.php(17): require('...')
#28 {main}
  thrown in /var/www/html/wp-includes/functions.php on line 1145

2023-02-04T08:21:32+00:00 CRITICAL Uncaught TypeError: strstr(): Argument #1 ($haystack) must be of type string, WP_Error given in /var/www/html/wp-includes/functions.php:1145
Stack trace:
#0 /var/www/html/wp-includes/functions.php(1145): strstr()
#1 /var/www/html/wp-content/plugins/pofily-woo-product-filters/public/class-woo-product-filters-public.php(1123): add_query_arg()
#2 /var/www/html/wp-content/plugins/pofily-woo-product-filters/public/class-woo-product-filters-public.php(1182): VIWCPF_Woo_Product_Filters_Public->viwcpf_get_current_page_url()
#3 /var/www/html/wp-content/plugins/pofily-woo-product-filters/public/partials/template/viwcpf-template-checkbox.php(56): VIWCPF_Woo_Product_Filters_Public->viwcpf_get_clear_url()
#4 /var/www/html/wp-content/plugins/pofily-woo-product-filters/public/class-woo-product-filters-public.php(484): require('...')
#5 /var/www/html/wp-content/plugins/pofily-woo-product-filters/public/class-woo-product-filters-public.php(297): VIWCPF_Woo_Product_Filters_Public->viwcpf_get_template_by_type_show()
#6 /var/www/html/wp-includes/shortcodes.php(355): VIWCPF_Woo_Product_Filters_Public->viwcpf_menu_shortcode()
#7 [internal function]: do_shortcode_tag()
#8 /var/www/html/wp-includes/shortcodes.php(227): preg_replace_callback()
#9 /var/www/html/wp-content/plugins/pofily-woo-product-filters/admin/partials/widget/viwcpf.widget_menu_filter.php(81): do_shortcode()
#10 /var/www/html/wp-includes/class-wp-widget.php(394): VIWCPF_Free_Widget_Filter_Menu->widget()
#11 /var/www/html/wp-includes/widgets.php(835): WP_Widget->display_callback()
#12 /var/www/html/wp-content/themes/astral/sidebar.php(3): dynamic_sidebar()
#13 /var/www/html/wp-includes/template.php(783): require_once('...')
#14 /var/www/html/wp-includes/template.php(718): load_template()
#15 /var/www/html/wp-includes/general-template.php(136): locate_template()
#16 /var/www/html/wp-content/themes/astral/woocommerce/global/sidebar.php(22): get_sidebar()
#17 /var/www/html/wp-content/plugins/woocommerce/includes/wc-core-functions.php(345): include('...')
#18 /var/www/html/wp-content/plugins/woocommerce/includes/wc-template-functions.php(1039): wc_get_template()
#19 /var/www/html/wp-includes/class-wp-hook.php(308): woocommerce_get_sidebar()
#20 /var/www/html/wp-includes/class-wp-hook.php(332): WP_Hook->apply_filters()
#21 /var/www/html/wp-includes/plugin.php(517): WP_Hook->do_action()
#22 /var/www/html/wp-content/themes/astral/woocommerce/archive-product.php(87): do_action()
#23 /var/www/html/wp-content/plugins/woocommerce/includes/wc-core-functions.php(345): include('...')
#24 /var/www/html/wp-content/themes/astral/woocommerce/taxonomy-product-cat.php(22): wc_get_template()
#25 /var/www/html/wp-includes/template-loader.php(106): include('...')
#26 /var/www/html/wp-blog-header.php(19): require_once('...')
#27 /var/www/html/index.php(17): require('...')
#28 {main}
  thrown in /var/www/html/wp-includes/functions.php on line 1145

2023-02-04T08:21:45+00:00 CRITICAL Uncaught TypeError: strstr(): Argument #1 ($haystack) must be of type string, WP_Error given in /var/www/html/wp-includes/functions.php:1145
Stack trace:
#0 /var/www/html/wp-includes/functions.php(1145): strstr()
#1 /var/www/html/wp-content/plugins/pofily-woo-product-filters/public/class-woo-product-filters-public.php(1123): add_query_arg()
#2 /var/www/html/wp-content/plugins/pofily-woo-product-filters/public/class-woo-product-filters-public.php(1182): VIWCPF_Woo_Product_Filters_Public->viwcpf_get_current_page_url()
#3 /var/www/html/wp-content/plugins/pofily-woo-product-filters/public/partials/template/viwcpf-template-checkbox.php(56): VIWCPF_Woo_Product_Filters_Public->viwcpf_get_clear_url()
#4 /var/www/html/wp-content/plugins/pofily-woo-product-filters/public/class-woo-product-filters-public.php(484): require('...')
#5 /var/www/html/wp-content/plugins/pofily-woo-product-filters/public/class-woo-product-filters-public.php(297): VIWCPF_Woo_Product_Filters_Public->viwcpf_get_template_by_type_show()
#6 /var/www/html/wp-includes/shortcodes.php(355): VIWCPF_Woo_Product_Filters_Public->viwcpf_menu_shortcode()
#7 [internal function]: do_shortcode_tag()
#8 /var/www/html/wp-includes/shortcodes.php(227): preg_replace_callback()
#9 /var/www/html/wp-content/plugins/pofily-woo-product-filters/admin/partials/widget/viwcpf.widget_menu_filter.php(81): do_shortcode()
#10 /var/www/html/wp-includes/class-wp-widget.php(394): VIWCPF_Free_Widget_Filter_Menu->widget()
#11 /var/www/html/wp-includes/widgets.php(835): WP_Widget->display_callback()
#12 /var/www/html/wp-content/themes/astral/sidebar.php(3): dynamic_sidebar()
#13 /var/www/html/wp-includes/template.php(783): require_once('...')
#14 /var/www/html/wp-includes/template.php(718): load_template()
#15 /var/www/html/wp-includes/general-template.php(136): locate_template()
#16 /var/www/html/wp-content/themes/astral/woocommerce/global/sidebar.php(22): get_sidebar()
#17 /var/www/html/wp-content/plugins/woocommerce/includes/wc-core-functions.php(345): include('...')
#18 /var/www/html/wp-content/plugins/woocommerce/includes/wc-template-functions.php(1039): wc_get_template()
#19 /var/www/html/wp-includes/class-wp-hook.php(308): woocommerce_get_sidebar()
#20 /var/www/html/wp-includes/class-wp-hook.php(332): WP_Hook->apply_filters()
#21 /var/www/html/wp-includes/plugin.php(517): WP_Hook->do_action()
#22 /var/www/html/wp-content/themes/astral/woocommerce/archive-product.php(87): do_action()
#23 /var/www/html/wp-content/plugins/woocommerce/includes/wc-core-functions.php(345): include('...')
#24 /var/www/html/wp-content/themes/astral/woocommerce/taxonomy-product-cat.php(22): wc_get_template()
#25 /var/www/html/wp-includes/template-loader.php(106): include('...')
#26 /var/www/html/wp-blog-header.php(19): require_once('...')
#27 /var/www/html/index.php(17): require('...')
#28 {main}
  thrown in /var/www/html/wp-includes/functions.php on line 1145

2023-02-04T08:21:52+00:00 CRITICAL Uncaught TypeError: strstr(): Argument #1 ($haystack) must be of type string, WP_Error given in /var/www/html/wp-includes/functions.php:1145
Stack trace:
#0 /var/www/html/wp-includes/functions.php(1145): strstr()
#1 /var/www/html/wp-content/plugins/pofily-woo-product-filters/public/class-woo-product-filters-public.php(1123): add_query_arg()
#2 /var/www/html/wp-content/plugins/pofily-woo-product-filters/public/class-woo-product-filters-public.php(1182): VIWCPF_Woo_Product_Filters_Public->viwcpf_get_current_page_url()
#3 /var/www/html/wp-content/plugins/pofily-woo-product-filters/public/partials/template/viwcpf-template-checkbox.php(56): VIWCPF_Woo_Product_Filters_Public->viwcpf_get_clear_url()
#4 /var/www/html/wp-content/plugins/pofily-woo-product-filters/public/class-woo-product-filters-public.php(484): require('...')
#5 /var/www/html/wp-content/plugins/pofily-woo-product-filters/public/class-woo-product-filters-public.php(297): VIWCPF_Woo_Product_Filters_Public->viwcpf_get_template_by_type_show()
#6 /var/www/html/wp-includes/shortcodes.php(355): VIWCPF_Woo_Product_Filters_Public->viwcpf_menu_shortcode()
#7 [internal function]: do_shortcode_tag()
#8 /var/www/html/wp-includes/shortcodes.php(227): preg_replace_callback()
#9 /var/www/html/wp-content/plugins/pofily-woo-product-filters/admin/partials/widget/viwcpf.widget_menu_filter.php(81): do_shortcode()
#10 /var/www/html/wp-includes/class-wp-widget.php(394): VIWCPF_Free_Widget_Filter_Menu->widget()
#11 /var/www/html/wp-includes/widgets.php(835): WP_Widget->display_callback()
#12 /var/www/html/wp-content/themes/astral/sidebar.php(3): dynamic_sidebar()
#13 /var/www/html/wp-includes/template.php(783): require_once('...')
#14 /var/www/html/wp-includes/template.php(718): load_template()
#15 /var/www/html/wp-includes/general-template.php(136): locate_template()
#16 /var/www/html/wp-content/themes/astral/woocommerce/global/sidebar.php(22): get_sidebar()
#17 /var/www/html/wp-content/plugins/woocommerce/includes/wc-core-functions.php(345): include('...')
#18 /var/www/html/wp-content/plugins/woocommerce/includes/wc-template-functions.php(1039): wc_get_template()
#19 /var/www/html/wp-includes/class-wp-hook.php(308): woocommerce_get_sidebar()
#20 /var/www/html/wp-includes/class-wp-hook.php(332): WP_Hook->apply_filters()
#21 /var/www/html/wp-includes/plugin.php(517): WP_Hook->do_action()
#22 /var/www/html/wp-content/themes/astral/woocommerce/archive-product.php(87): do_action()
#23 /var/www/html/wp-content/plugins/woocommerce/includes/wc-core-functions.php(345): include('...')
#24 /var/www/html/wp-content/themes/astral/woocommerce/taxonomy-product-cat.php(22): wc_get_template()
#25 /var/www/html/wp-includes/template-loader.php(106): include('...')
#26 /var/www/html/wp-blog-header.php(19): require_once('...')
#27 /var/www/html/index.php(17): require('...')
#28 {main}
  thrown in /var/www/html/wp-includes/functions.php on line 1145

2023-02-04T08:22:03+00:00 CRITICAL Uncaught TypeError: strstr(): Argument #1 ($haystack) must be of type string, WP_Error given in /var/www/html/wp-includes/functions.php:1145
Stack trace:
#0 /var/www/html/wp-includes/functions.php(1145): strstr()
#1 /var/www/html/wp-content/plugins/pofily-woo-product-filters/public/class-woo-product-filters-public.php(1123): add_query_arg()
#2 /var/www/html/wp-content/plugins/pofily-woo-product-filters/public/class-woo-product-filters-public.php(1182): VIWCPF_Woo_Product_Filters_Public->viwcpf_get_current_page_url()
#3 /var/www/html/wp-content/plugins/pofily-woo-product-filters/public/partials/template/viwcpf-template-checkbox.php(56): VIWCPF_Woo_Product_Filters_Public->viwcpf_get_clear_url()
#4 /var/www/html/wp-content/plugins/pofily-woo-product-filters/public/class-woo-product-filters-public.php(484): require('...')
#5 /var/www/html/wp-content/plugins/pofily-woo-product-filters/public/class-woo-product-filters-public.php(297): VIWCPF_Woo_Product_Filters_Public->viwcpf_get_template_by_type_show()
#6 /var/www/html/wp-includes/shortcodes.php(355): VIWCPF_Woo_Product_Filters_Public->viwcpf_menu_shortcode()
#7 [internal function]: do_shortcode_tag()
#8 /var/www/html/wp-includes/shortcodes.php(227): preg_replace_callback()
#9 /var/www/html/wp-content/plugins/pofily-woo-product-filters/admin/partials/widget/viwcpf.widget_menu_filter.php(81): do_shortcode()
#10 /var/www/html/wp-includes/class-wp-widget.php(394): VIWCPF_Free_Widget_Filter_Menu->widget()
#11 /var/www/html/wp-includes/widgets.php(835): WP_Widget->display_callback()
#12 /var/www/html/wp-content/themes/astral/sidebar.php(3): dynamic_sidebar()
#13 /var/www/html/wp-includes/template.php(783): require_once('...')
#14 /var/www/html/wp-includes/template.php(718): load_template()
#15 /var/www/html/wp-includes/general-template.php(136): locate_template()
#16 /var/www/html/wp-content/themes/astral/woocommerce/global/sidebar.php(22): get_sidebar()
#17 /var/www/html/wp-content/plugins/woocommerce/includes/wc-core-functions.php(345): include('...')
#18 /var/www/html/wp-content/plugins/woocommerce/includes/wc-template-functions.php(1039): wc_get_template()
#19 /var/www/html/wp-includes/class-wp-hook.php(308): woocommerce_get_sidebar()
#20 /var/www/html/wp-includes/class-wp-hook.php(332): WP_Hook->apply_filters()
#21 /var/www/html/wp-includes/plugin.php(517): WP_Hook->do_action()
#22 /var/www/html/wp-content/themes/astral/woocommerce/archive-product.php(87): do_action()
#23 /var/www/html/wp-content/plugins/woocommerce/includes/wc-core-functions.php(345): include('...')
#24 /var/www/html/wp-content/themes/astral/woocommerce/taxonomy-product-cat.php(22): wc_get_template()
#25 /var/www/html/wp-includes/template-loader.php(106): include('...')
#26 /var/www/html/wp-blog-header.php(19): require_once('...')
#27 /var/www/html/index.php(17): require('...')
#28 {main}
  thrown in /var/www/html/wp-includes/functions.php on line 1145

2023-02-04T08:22:12+00:00 CRITICAL Uncaught TypeError: strstr(): Argument #1 ($haystack) must be of type string, WP_Error given in /var/www/html/wp-includes/functions.php:1145
Stack trace:
#0 /var/www/html/wp-includes/functions.php(1145): strstr()
#1 /var/www/html/wp-content/plugins/pofily-woo-product-filters/public/class-woo-product-filters-public.php(1123): add_query_arg()
#2 /var/www/html/wp-content/plugins/pofily-woo-product-filters/public/class-woo-product-filters-public.php(1182): VIWCPF_Woo_Product_Filters_Public->viwcpf_get_current_page_url()
#3 /var/www/html/wp-content/plugins/pofily-woo-product-filters/public/partials/template/viwcpf-template-checkbox.php(56): VIWCPF_Woo_Product_Filters_Public->viwcpf_get_clear_url()
#4 /var/www/html/wp-content/plugins/pofily-woo-product-filters/public/class-woo-product-filters-public.php(484): require('...')
#5 /var/www/html/wp-content/plugins/pofily-woo-product-filters/public/class-woo-product-filters-public.php(297): VIWCPF_Woo_Product_Filters_Public->viwcpf_get_template_by_type_show()
#6 /var/www/html/wp-includes/shortcodes.php(355): VIWCPF_Woo_Product_Filters_Public->viwcpf_menu_shortcode()
#7 [internal function]: do_shortcode_tag()
#8 /var/www/html/wp-includes/shortcodes.php(227): preg_replace_callback()
#9 /var/www/html/wp-content/plugins/pofily-woo-product-filters/admin/partials/widget/viwcpf.widget_menu_filter.php(81): do_shortcode()
#10 /var/www/html/wp-includes/class-wp-widget.php(394): VIWCPF_Free_Widget_Filter_Menu->widget()
#11 /var/www/html/wp-includes/widgets.php(835): WP_Widget->display_callback()
#12 /var/www/html/wp-content/themes/astral/sidebar.php(3): dynamic_sidebar()
#13 /var/www/html/wp-includes/template.php(783): require_once('...')
#14 /var/www/html/wp-includes/template.php(718): load_template()
#15 /var/www/html/wp-includes/general-template.php(136): locate_template()
#16 /var/www/html/wp-content/themes/astral/woocommerce/global/sidebar.php(22): get_sidebar()
#17 /var/www/html/wp-content/plugins/woocommerce/includes/wc-core-functions.php(345): include('...')
#18 /var/www/html/wp-content/plugins/woocommerce/includes/wc-template-functions.php(1039): wc_get_template()
#19 /var/www/html/wp-includes/class-wp-hook.php(308): woocommerce_get_sidebar()
#20 /var/www/html/wp-includes/class-wp-hook.php(332): WP_Hook->apply_filters()
#21 /var/www/html/wp-includes/plugin.php(517): WP_Hook->do_action()
#22 /var/www/html/wp-content/themes/astral/woocommerce/archive-product.php(87): do_action()
#23 /var/www/html/wp-content/plugins/woocommerce/includes/wc-core-functions.php(345): include('...')
#24 /var/www/html/wp-content/themes/astral/woocommerce/taxonomy-product-cat.php(22): wc_get_template()
#25 /var/www/html/wp-includes/template-loader.php(106): include('...')
#26 /var/www/html/wp-blog-header.php(19): require_once('...')
#27 /var/www/html/index.php(17): require('...')
#28 {main}
  thrown in /var/www/html/wp-includes/functions.php on line 1145

2023-02-04T08:22:24+00:00 CRITICAL Uncaught TypeError: strstr(): Argument #1 ($haystack) must be of type string, WP_Error given in /var/www/html/wp-includes/functions.php:1145
Stack trace:
#0 /var/www/html/wp-includes/functions.php(1145): strstr()
#1 /var/www/html/wp-content/plugins/pofily-woo-product-filters/public/class-woo-product-filters-public.php(1123): add_query_arg()
#2 /var/www/html/wp-content/plugins/pofily-woo-product-filters/public/class-woo-product-filters-public.php(1182): VIWCPF_Woo_Product_Filters_Public->viwcpf_get_current_page_url()
#3 /var/www/html/wp-content/plugins/pofily-woo-product-filters/public/partials/template/viwcpf-template-checkbox.php(56): VIWCPF_Woo_Product_Filters_Public->viwcpf_get_clear_url()
#4 /var/www/html/wp-content/plugins/pofily-woo-product-filters/public/class-woo-product-filters-public.php(484): require('...')
#5 /var/www/html/wp-content/plugins/pofily-woo-product-filters/public/class-woo-product-filters-public.php(297): VIWCPF_Woo_Product_Filters_Public->viwcpf_get_template_by_type_show()
#6 /var/www/html/wp-includes/shortcodes.php(355): VIWCPF_Woo_Product_Filters_Public->viwcpf_menu_shortcode()
#7 [internal function]: do_shortcode_tag()
#8 /var/www/html/wp-includes/shortcodes.php(227): preg_replace_callback()
#9 /var/www/html/wp-content/plugins/pofily-woo-product-filters/admin/partials/widget/viwcpf.widget_menu_filter.php(81): do_shortcode()
#10 /var/www/html/wp-includes/class-wp-widget.php(394): VIWCPF_Free_Widget_Filter_Menu->widget()
#11 /var/www/html/wp-includes/widgets.php(835): WP_Widget->display_callback()
#12 /var/www/html/wp-content/themes/astral/sidebar.php(3): dynamic_sidebar()
#13 /var/www/html/wp-includes/template.php(783): require_once('...')
#14 /var/www/html/wp-includes/template.php(718): load_template()
#15 /var/www/html/wp-includes/general-template.php(136): locate_template()
#16 /var/www/html/wp-content/themes/astral/woocommerce/global/sidebar.php(22): get_sidebar()
#17 /var/www/html/wp-content/plugins/woocommerce/includes/wc-core-functions.php(345): include('...')
#18 /var/www/html/wp-content/plugins/woocommerce/includes/wc-template-functions.php(1039): wc_get_template()
#19 /var/www/html/wp-includes/class-wp-hook.php(308): woocommerce_get_sidebar()
#20 /var/www/html/wp-includes/class-wp-hook.php(332): WP_Hook->apply_filters()
#21 /var/www/html/wp-includes/plugin.php(517): WP_Hook->do_action()
#22 /var/www/html/wp-content/themes/astral/woocommerce/archive-product.php(87): do_action()
#23 /var/www/html/wp-content/plugins/woocommerce/includes/wc-core-functions.php(345): include('...')
#24 /var/www/html/wp-content/themes/astral/woocommerce/taxonomy-product-cat.php(22): wc_get_template()
#25 /var/www/html/wp-includes/template-loader.php(106): include('...')
#26 /var/www/html/wp-blog-header.php(19): require_once('...')
#27 /var/www/html/index.php(17): require('...')
#28 {main}
  thrown in /var/www/html/wp-includes/functions.php on line 1145

2023-02-04T08:22:33+00:00 CRITICAL Uncaught TypeError: strstr(): Argument #1 ($haystack) must be of type string, WP_Error given in /var/www/html/wp-includes/functions.php:1145
Stack trace:
#0 /var/www/html/wp-includes/functions.php(1145): strstr()
#1 /var/www/html/wp-content/plugins/pofily-woo-product-filters/public/class-woo-product-filters-public.php(1123): add_query_arg()
#2 /var/www/html/wp-content/plugins/pofily-woo-product-filters/public/class-woo-product-filters-public.php(1182): VIWCPF_Woo_Product_Filters_Public->viwcpf_get_current_page_url()
#3 /var/www/html/wp-content/plugins/pofily-woo-product-filters/public/partials/template/viwcpf-template-checkbox.php(56): VIWCPF_Woo_Product_Filters_Public->viwcpf_get_clear_url()
#4 /var/www/html/wp-content/plugins/pofily-woo-product-filters/public/class-woo-product-filters-public.php(484): require('...')
#5 /var/www/html/wp-content/plugins/pofily-woo-product-filters/public/class-woo-product-filters-public.php(297): VIWCPF_Woo_Product_Filters_Public->viwcpf_get_template_by_type_show()
#6 /var/www/html/wp-includes/shortcodes.php(355): VIWCPF_Woo_Product_Filters_Public->viwcpf_menu_shortcode()
#7 [internal function]: do_shortcode_tag()
#8 /var/www/html/wp-includes/shortcodes.php(227): preg_replace_callback()
#9 /var/www/html/wp-content/plugins/pofily-woo-product-filters/admin/partials/widget/viwcpf.widget_menu_filter.php(81): do_shortcode()
#10 /var/www/html/wp-includes/class-wp-widget.php(394): VIWCPF_Free_Widget_Filter_Menu->widget()
#11 /var/www/html/wp-includes/widgets.php(835): WP_Widget->display_callback()
#12 /var/www/html/wp-content/themes/astral/sidebar.php(3): dynamic_sidebar()
#13 /var/www/html/wp-includes/template.php(783): require_once('...')
#14 /var/www/html/wp-includes/template.php(718): load_template()
#15 /var/www/html/wp-includes/general-template.php(136): locate_template()
#16 /var/www/html/wp-content/themes/astral/woocommerce/global/sidebar.php(22): get_sidebar()
#17 /var/www/html/wp-content/plugins/woocommerce/includes/wc-core-functions.php(345): include('...')
#18 /var/www/html/wp-content/plugins/woocommerce/includes/wc-template-functions.php(1039): wc_get_template()
#19 /var/www/html/wp-includes/class-wp-hook.php(308): woocommerce_get_sidebar()
#20 /var/www/html/wp-includes/class-wp-hook.php(332): WP_Hook->apply_filters()
#21 /var/www/html/wp-includes/plugin.php(517): WP_Hook->do_action()
#22 /var/www/html/wp-content/themes/astral/woocommerce/archive-product.php(87): do_action()
#23 /var/www/html/wp-content/plugins/woocommerce/includes/wc-core-functions.php(345): include('...')
#24 /var/www/html/wp-content/themes/astral/woocommerce/taxonomy-product-cat.php(22): wc_get_template()
#25 /var/www/html/wp-includes/template-loader.php(106): include('...')
#26 /var/www/html/wp-blog-header.php(19): require_once('...')
#27 /var/www/html/index.php(17): require('...')
#28 {main}
  thrown in /var/www/html/wp-includes/functions.php on line 1145

2023-02-04T08:22:46+00:00 CRITICAL Uncaught TypeError: strstr(): Argument #1 ($haystack) must be of type string, WP_Error given in /var/www/html/wp-includes/functions.php:1145
Stack trace:
#0 /var/www/html/wp-includes/functions.php(1145): strstr()
#1 /var/www/html/wp-content/plugins/pofily-woo-product-filters/public/class-woo-product-filters-public.php(1123): add_query_arg()
#2 /var/www/html/wp-content/plugins/pofily-woo-product-filters/public/class-woo-product-filters-public.php(1182): VIWCPF_Woo_Product_Filters_Public->viwcpf_get_current_page_url()
#3 /var/www/html/wp-content/plugins/pofily-woo-product-filters/public/partials/template/viwcpf-template-checkbox.php(56): VIWCPF_Woo_Product_Filters_Public->viwcpf_get_clear_url()
#4 /var/www/html/wp-content/plugins/pofily-woo-product-filters/public/class-woo-product-filters-public.php(484): require('...')
#5 /var/www/html/wp-content/plugins/pofily-woo-product-filters/public/class-woo-product-filters-public.php(297): VIWCPF_Woo_Product_Filters_Public->viwcpf_get_template_by_type_show()
#6 /var/www/html/wp-includes/shortcodes.php(355): VIWCPF_Woo_Product_Filters_Public->viwcpf_menu_shortcode()
#7 [internal function]: do_shortcode_tag()
#8 /var/www/html/wp-includes/shortcodes.php(227): preg_replace_callback()
#9 /var/www/html/wp-content/plugins/pofily-woo-product-filters/admin/partials/widget/viwcpf.widget_menu_filter.php(81): do_shortcode()
#10 /var/www/html/wp-includes/class-wp-widget.php(394): VIWCPF_Free_Widget_Filter_Menu->widget()
#11 /var/www/html/wp-includes/widgets.php(835): WP_Widget->display_callback()
#12 /var/www/html/wp-content/themes/astral/sidebar.php(3): dynamic_sidebar()
#13 /var/www/html/wp-includes/template.php(783): require_once('...')
#14 /var/www/html/wp-includes/template.php(718): load_template()
#15 /var/www/html/wp-includes/general-template.php(136): locate_template()
#16 /var/www/html/wp-content/themes/astral/woocommerce/global/sidebar.php(22): get_sidebar()
#17 /var/www/html/wp-content/plugins/woocommerce/includes/wc-core-functions.php(345): include('...')
#18 /var/www/html/wp-content/plugins/woocommerce/includes/wc-template-functions.php(1039): wc_get_template()
#19 /var/www/html/wp-includes/class-wp-hook.php(308): woocommerce_get_sidebar()
#20 /var/www/html/wp-includes/class-wp-hook.php(332): WP_Hook->apply_filters()
#21 /var/www/html/wp-includes/plugin.php(517): WP_Hook->do_action()
#22 /var/www/html/wp-content/themes/astral/woocommerce/archive-product.php(87): do_action()
#23 /var/www/html/wp-content/plugins/woocommerce/includes/wc-core-functions.php(345): include('...')
#24 /var/www/html/wp-content/themes/astral/woocommerce/taxonomy-product-cat.php(22): wc_get_template()
#25 /var/www/html/wp-includes/template-loader.php(106): include('...')
#26 /var/www/html/wp-blog-header.php(19): require_once('...')
#27 /var/www/html/index.php(17): require('...')
#28 {main}
  thrown in /var/www/html/wp-includes/functions.php on line 1145

2023-02-04T08:22:57+00:00 CRITICAL Uncaught TypeError: strstr(): Argument #1 ($haystack) must be of type string, WP_Error given in /var/www/html/wp-includes/functions.php:1145
Stack trace:
#0 /var/www/html/wp-includes/functions.php(1145): strstr()
#1 /var/www/html/wp-content/plugins/pofily-woo-product-filters/public/class-woo-product-filters-public.php(1123): add_query_arg()
#2 /var/www/html/wp-content/plugins/pofily-woo-product-filters/public/class-woo-product-filters-public.php(1182): VIWCPF_Woo_Product_Filters_Public->viwcpf_get_current_page_url()
#3 /var/www/html/wp-content/plugins/pofily-woo-product-filters/public/partials/template/viwcpf-template-checkbox.php(56): VIWCPF_Woo_Product_Filters_Public->viwcpf_get_clear_url()
#4 /var/www/html/wp-content/plugins/pofily-woo-product-filters/public/class-woo-product-filters-public.php(484): require('...')
#5 /var/www/html/wp-content/plugins/pofily-woo-product-filters/public/class-woo-product-filters-public.php(297): VIWCPF_Woo_Product_Filters_Public->viwcpf_get_template_by_type_show()
#6 /var/www/html/wp-includes/shortcodes.php(355): VIWCPF_Woo_Product_Filters_Public->viwcpf_menu_shortcode()
#7 [internal function]: do_shortcode_tag()
#8 /var/www/html/wp-includes/shortcodes.php(227): preg_replace_callback()
#9 /var/www/html/wp-content/plugins/pofily-woo-product-filters/admin/partials/widget/viwcpf.widget_menu_filter.php(81): do_shortcode()
#10 /var/www/html/wp-includes/class-wp-widget.php(394): VIWCPF_Free_Widget_Filter_Menu->widget()
#11 /var/www/html/wp-includes/widgets.php(835): WP_Widget->display_callback()
#12 /var/www/html/wp-content/themes/astral/sidebar.php(3): dynamic_sidebar()
#13 /var/www/html/wp-includes/template.php(783): require_once('...')
#14 /var/www/html/wp-includes/template.php(718): load_template()
#15 /var/www/html/wp-includes/general-template.php(136): locate_template()
#16 /var/www/html/wp-content/themes/astral/woocommerce/global/sidebar.php(22): get_sidebar()
#17 /var/www/html/wp-content/plugins/woocommerce/includes/wc-core-functions.php(345): include('...')
#18 /var/www/html/wp-content/plugins/woocommerce/includes/wc-template-functions.php(1039): wc_get_template()
#19 /var/www/html/wp-includes/class-wp-hook.php(308): woocommerce_get_sidebar()
#20 /var/www/html/wp-includes/class-wp-hook.php(332): WP_Hook->apply_filters()
#21 /var/www/html/wp-includes/plugin.php(517): WP_Hook->do_action()
#22 /var/www/html/wp-content/themes/astral/woocommerce/archive-product.php(87): do_action()
#23 /var/www/html/wp-content/plugins/woocommerce/includes/wc-core-functions.php(345): include('...')
#24 /var/www/html/wp-content/themes/astral/woocommerce/taxonomy-product-cat.php(22): wc_get_template()
#25 /var/www/html/wp-includes/template-loader.php(106): include('...')
#26 /var/www/html/wp-blog-header.php(19): require_once('...')
#27 /var/www/html/index.php(17): require('...')
#28 {main}
  thrown in /var/www/html/wp-includes/functions.php on line 1145

2023-02-04T08:23:06+00:00 CRITICAL Uncaught TypeError: strstr(): Argument #1 ($haystack) must be of type string, WP_Error given in /var/www/html/wp-includes/functions.php:1145
Stack trace:
#0 /var/www/html/wp-includes/functions.php(1145): strstr()
#1 /var/www/html/wp-content/plugins/pofily-woo-product-filters/public/class-woo-product-filters-public.php(1123): add_query_arg()
#2 /var/www/html/wp-content/plugins/pofily-woo-product-filters/public/class-woo-product-filters-public.php(1182): VIWCPF_Woo_Product_Filters_Public->viwcpf_get_current_page_url()
#3 /var/www/html/wp-content/plugins/pofily-woo-product-filters/public/partials/template/viwcpf-template-checkbox.php(56): VIWCPF_Woo_Product_Filters_Public->viwcpf_get_clear_url()
#4 /var/www/html/wp-content/plugins/pofily-woo-product-filters/public/class-woo-product-filters-public.php(484): require('...')
#5 /var/www/html/wp-content/plugins/pofily-woo-product-filters/public/class-woo-product-filters-public.php(297): VIWCPF_Woo_Product_Filters_Public->viwcpf_get_template_by_type_show()
#6 /var/www/html/wp-includes/shortcodes.php(355): VIWCPF_Woo_Product_Filters_Public->viwcpf_menu_shortcode()
#7 [internal function]: do_shortcode_tag()
#8 /var/www/html/wp-includes/shortcodes.php(227): preg_replace_callback()
#9 /var/www/html/wp-content/plugins/pofily-woo-product-filters/admin/partials/widget/viwcpf.widget_menu_filter.php(81): do_shortcode()
#10 /var/www/html/wp-includes/class-wp-widget.php(394): VIWCPF_Free_Widget_Filter_Menu->widget()
#11 /var/www/html/wp-includes/widgets.php(835): WP_Widget->display_callback()
#12 /var/www/html/wp-content/themes/astral/sidebar.php(3): dynamic_sidebar()
#13 /var/www/html/wp-includes/template.php(783): require_once('...')
#14 /var/www/html/wp-includes/template.php(718): load_template()
#15 /var/www/html/wp-includes/general-template.php(136): locate_template()
#16 /var/www/html/wp-content/themes/astral/woocommerce/global/sidebar.php(22): get_sidebar()
#17 /var/www/html/wp-content/plugins/woocommerce/includes/wc-core-functions.php(345): include('...')
#18 /var/www/html/wp-content/plugins/woocommerce/includes/wc-template-functions.php(1039): wc_get_template()
#19 /var/www/html/wp-includes/class-wp-hook.php(308): woocommerce_get_sidebar()
#20 /var/www/html/wp-includes/class-wp-hook.php(332): WP_Hook->apply_filters()
#21 /var/www/html/wp-includes/plugin.php(517): WP_Hook->do_action()
#22 /var/www/html/wp-content/themes/astral/woocommerce/archive-product.php(87): do_action()
#23 /var/www/html/wp-content/plugins/woocommerce/includes/wc-core-functions.php(345): include('...')
#24 /var/www/html/wp-content/themes/astral/woocommerce/taxonomy-product-cat.php(22): wc_get_template()
#25 /var/www/html/wp-includes/template-loader.php(106): include('...')
#26 /var/www/html/wp-blog-header.php(19): require_once('...')
#27 /var/www/html/index.php(17): require('...')
#28 {main}
  thrown in /var/www/html/wp-includes/functions.php on line 1145

2023-02-04T08:23:19+00:00 CRITICAL Uncaught TypeError: strstr(): Argument #1 ($haystack) must be of type string, WP_Error given in /var/www/html/wp-includes/functions.php:1145
Stack trace:
#0 /var/www/html/wp-includes/functions.php(1145): strstr()
#1 /var/www/html/wp-content/plugins/pofily-woo-product-filters/public/class-woo-product-filters-public.php(1123): add_query_arg()
#2 /var/www/html/wp-content/plugins/pofily-woo-product-filters/public/class-woo-product-filters-public.php(1182): VIWCPF_Woo_Product_Filters_Public->viwcpf_get_current_page_url()
#3 /var/www/html/wp-content/plugins/pofily-woo-product-filters/public/partials/template/viwcpf-template-checkbox.php(56): VIWCPF_Woo_Product_Filters_Public->viwcpf_get_clear_url()
#4 /var/www/html/wp-content/plugins/pofily-woo-product-filters/public/class-woo-product-filters-public.php(484): require('...')
#5 /var/www/html/wp-content/plugins/pofily-woo-product-filters/public/class-woo-product-filters-public.php(297): VIWCPF_Woo_Product_Filters_Public->viwcpf_get_template_by_type_show()
#6 /var/www/html/wp-includes/shortcodes.php(355): VIWCPF_Woo_Product_Filters_Public->viwcpf_menu_shortcode()
#7 [internal function]: do_shortcode_tag()
#8 /var/www/html/wp-includes/shortcodes.php(227): preg_replace_callback()
#9 /var/www/html/wp-content/plugins/pofily-woo-product-filters/admin/partials/widget/viwcpf.widget_menu_filter.php(81): do_shortcode()
#10 /var/www/html/wp-includes/class-wp-widget.php(394): VIWCPF_Free_Widget_Filter_Menu->widget()
#11 /var/www/html/wp-includes/widgets.php(835): WP_Widget->display_callback()
#12 /var/www/html/wp-content/themes/astral/sidebar.php(3): dynamic_sidebar()
#13 /var/www/html/wp-includes/template.php(783): require_once('...')
#14 /var/www/html/wp-includes/template.php(718): load_template()
#15 /var/www/html/wp-includes/general-template.php(136): locate_template()
#16 /var/www/html/wp-content/themes/astral/woocommerce/global/sidebar.php(22): get_sidebar()
#17 /var/www/html/wp-content/plugins/woocommerce/includes/wc-core-functions.php(345): include('...')
#18 /var/www/html/wp-content/plugins/woocommerce/includes/wc-template-functions.php(1039): wc_get_template()
#19 /var/www/html/wp-includes/class-wp-hook.php(308): woocommerce_get_sidebar()
#20 /var/www/html/wp-includes/class-wp-hook.php(332): WP_Hook->apply_filters()
#21 /var/www/html/wp-includes/plugin.php(517): WP_Hook->do_action()
#22 /var/www/html/wp-content/themes/astral/woocommerce/archive-product.php(87): do_action()
#23 /var/www/html/wp-content/plugins/woocommerce/includes/wc-core-functions.php(345): include('...')
#24 /var/www/html/wp-content/themes/astral/woocommerce/taxonomy-product-cat.php(22): wc_get_template()
#25 /var/www/html/wp-includes/template-loader.php(106): include('...')
#26 /var/www/html/wp-blog-header.php(19): require_once('...')
#27 /var/www/html/index.php(17): require('...')
#28 {main}
  thrown in /var/www/html/wp-includes/functions.php on line 1145

2023-02-04T08:23:28+00:00 CRITICAL Uncaught TypeError: strstr(): Argument #1 ($haystack) must be of type string, WP_Error given in /var/www/html/wp-includes/functions.php:1145
Stack trace:
#0 /var/www/html/wp-includes/functions.php(1145): strstr()
#1 /var/www/html/wp-content/plugins/pofily-woo-product-filters/public/class-woo-product-filters-public.php(1123): add_query_arg()
#2 /var/www/html/wp-content/plugins/pofily-woo-product-filters/public/class-woo-product-filters-public.php(1182): VIWCPF_Woo_Product_Filters_Public->viwcpf_get_current_page_url()
#3 /var/www/html/wp-content/plugins/pofily-woo-product-filters/public/partials/template/viwcpf-template-checkbox.php(56): VIWCPF_Woo_Product_Filters_Public->viwcpf_get_clear_url()
#4 /var/www/html/wp-content/plugins/pofily-woo-product-filters/public/class-woo-product-filters-public.php(484): require('...')
#5 /var/www/html/wp-content/plugins/pofily-woo-product-filters/public/class-woo-product-filters-public.php(297): VIWCPF_Woo_Product_Filters_Public->viwcpf_get_template_by_type_show()
#6 /var/www/html/wp-includes/shortcodes.php(355): VIWCPF_Woo_Product_Filters_Public->viwcpf_menu_shortcode()
#7 [internal function]: do_shortcode_tag()
#8 /var/www/html/wp-includes/shortcodes.php(227): preg_replace_callback()
#9 /var/www/html/wp-content/plugins/pofily-woo-product-filters/admin/partials/widget/viwcpf.widget_menu_filter.php(81): do_shortcode()
#10 /var/www/html/wp-includes/class-wp-widget.php(394): VIWCPF_Free_Widget_Filter_Menu->widget()
#11 /var/www/html/wp-includes/widgets.php(835): WP_Widget->display_callback()
#12 /var/www/html/wp-content/themes/astral/sidebar.php(3): dynamic_sidebar()
#13 /var/www/html/wp-includes/template.php(783): require_once('...')
#14 /var/www/html/wp-includes/template.php(718): load_template()
#15 /var/www/html/wp-includes/general-template.php(136): locate_template()
#16 /var/www/html/wp-content/themes/astral/woocommerce/global/sidebar.php(22): get_sidebar()
#17 /var/www/html/wp-content/plugins/woocommerce/includes/wc-core-functions.php(345): include('...')
#18 /var/www/html/wp-content/plugins/woocommerce/includes/wc-template-functions.php(1039): wc_get_template()
#19 /var/www/html/wp-includes/class-wp-hook.php(308): woocommerce_get_sidebar()
#20 /var/www/html/wp-includes/class-wp-hook.php(332): WP_Hook->apply_filters()
#21 /var/www/html/wp-includes/plugin.php(517): WP_Hook->do_action()
#22 /var/www/html/wp-content/themes/astral/woocommerce/archive-product.php(87): do_action()
#23 /var/www/html/wp-content/plugins/woocommerce/includes/wc-core-functions.php(345): include('...')
#24 /var/www/html/wp-content/themes/astral/woocommerce/taxonomy-product-cat.php(22): wc_get_template()
#25 /var/www/html/wp-includes/template-loader.php(106): include('...')
#26 /var/www/html/wp-blog-header.php(19): require_once('...')
#27 /var/www/html/index.php(17): require('...')
#28 {main}
  thrown in /var/www/html/wp-includes/functions.php on line 1145

2023-02-04T08:23:38+00:00 CRITICAL Uncaught TypeError: strstr(): Argument #1 ($haystack) must be of type string, WP_Error given in /var/www/html/wp-includes/functions.php:1145
Stack trace:
#0 /var/www/html/wp-includes/functions.php(1145): strstr()
#1 /var/www/html/wp-content/plugins/pofily-woo-product-filters/public/class-woo-product-filters-public.php(1123): add_query_arg()
#2 /var/www/html/wp-content/plugins/pofily-woo-product-filters/public/class-woo-product-filters-public.php(1182): VIWCPF_Woo_Product_Filters_Public->viwcpf_get_current_page_url()
#3 /var/www/html/wp-content/plugins/pofily-woo-product-filters/public/partials/template/viwcpf-template-checkbox.php(56): VIWCPF_Woo_Product_Filters_Public->viwcpf_get_clear_url()
#4 /var/www/html/wp-content/plugins/pofily-woo-product-filters/public/class-woo-product-filters-public.php(484): require('...')
#5 /var/www/html/wp-content/plugins/pofily-woo-product-filters/public/class-woo-product-filters-public.php(297): VIWCPF_Woo_Product_Filters_Public->viwcpf_get_template_by_type_show()
#6 /var/www/html/wp-includes/shortcodes.php(355): VIWCPF_Woo_Product_Filters_Public->viwcpf_menu_shortcode()
#7 [internal function]: do_shortcode_tag()
#8 /var/www/html/wp-includes/shortcodes.php(227): preg_replace_callback()
#9 /var/www/html/wp-content/plugins/pofily-woo-product-filters/admin/partials/widget/viwcpf.widget_menu_filter.php(81): do_shortcode()
#10 /var/www/html/wp-includes/class-wp-widget.php(394): VIWCPF_Free_Widget_Filter_Menu->widget()
#11 /var/www/html/wp-includes/widgets.php(835): WP_Widget->display_callback()
#12 /var/www/html/wp-content/themes/astral/sidebar.php(3): dynamic_sidebar()
#13 /var/www/html/wp-includes/template.php(783): require_once('...')
#14 /var/www/html/wp-includes/template.php(718): load_template()
#15 /var/www/html/wp-includes/general-template.php(136): locate_template()
#16 /var/www/html/wp-content/themes/astral/woocommerce/global/sidebar.php(22): get_sidebar()
#17 /var/www/html/wp-content/plugins/woocommerce/includes/wc-core-functions.php(345): include('...')
#18 /var/www/html/wp-content/plugins/woocommerce/includes/wc-template-functions.php(1039): wc_get_template()
#19 /var/www/html/wp-includes/class-wp-hook.php(308): woocommerce_get_sidebar()
#20 /var/www/html/wp-includes/class-wp-hook.php(332): WP_Hook->apply_filters()
#21 /var/www/html/wp-includes/plugin.php(517): WP_Hook->do_action()
#22 /var/www/html/wp-content/themes/astral/woocommerce/archive-product.php(87): do_action()
#23 /var/www/html/wp-content/plugins/woocommerce/includes/wc-core-functions.php(345): include('...')
#24 /var/www/html/wp-content/themes/astral/woocommerce/taxonomy-product-cat.php(22): wc_get_template()
#25 /var/www/html/wp-includes/template-loader.php(106): include('...')
#26 /var/www/html/wp-blog-header.php(19): require_once('...')
#27 /var/www/html/index.php(17): require('...')
#28 {main}
  thrown in /var/www/html/wp-includes/functions.php on line 1145

2023-02-04T08:23:47+00:00 CRITICAL Uncaught TypeError: strstr(): Argument #1 ($haystack) must be of type string, WP_Error given in /var/www/html/wp-includes/functions.php:1145
Stack trace:
#0 /var/www/html/wp-includes/functions.php(1145): strstr()
#1 /var/www/html/wp-content/plugins/pofily-woo-product-filters/public/class-woo-product-filters-public.php(1123): add_query_arg()
#2 /var/www/html/wp-content/plugins/pofily-woo-product-filters/public/class-woo-product-filters-public.php(1182): VIWCPF_Woo_Product_Filters_Public->viwcpf_get_current_page_url()
#3 /var/www/html/wp-content/plugins/pofily-woo-product-filters/public/partials/template/viwcpf-template-checkbox.php(56): VIWCPF_Woo_Product_Filters_Public->viwcpf_get_clear_url()
#4 /var/www/html/wp-content/plugins/pofily-woo-product-filters/public/class-woo-product-filters-public.php(484): require('...')
#5 /var/www/html/wp-content/plugins/pofily-woo-product-filters/public/class-woo-product-filters-public.php(297): VIWCPF_Woo_Product_Filters_Public->viwcpf_get_template_by_type_show()
#6 /var/www/html/wp-includes/shortcodes.php(355): VIWCPF_Woo_Product_Filters_Public->viwcpf_menu_shortcode()
#7 [internal function]: do_shortcode_tag()
#8 /var/www/html/wp-includes/shortcodes.php(227): preg_replace_callback()
#9 /var/www/html/wp-content/plugins/pofily-woo-product-filters/admin/partials/widget/viwcpf.widget_menu_filter.php(81): do_shortcode()
#10 /var/www/html/wp-includes/class-wp-widget.php(394): VIWCPF_Free_Widget_Filter_Menu->widget()
#11 /var/www/html/wp-includes/widgets.php(835): WP_Widget->display_callback()
#12 /var/www/html/wp-content/themes/astral/sidebar.php(3): dynamic_sidebar()
#13 /var/www/html/wp-includes/template.php(783): require_once('...')
#14 /var/www/html/wp-includes/template.php(718): load_template()
#15 /var/www/html/wp-includes/general-template.php(136): locate_template()
#16 /var/www/html/wp-content/themes/astral/woocommerce/global/sidebar.php(22): get_sidebar()
#17 /var/www/html/wp-content/plugins/woocommerce/includes/wc-core-functions.php(345): include('...')
#18 /var/www/html/wp-content/plugins/woocommerce/includes/wc-template-functions.php(1039): wc_get_template()
#19 /var/www/html/wp-includes/class-wp-hook.php(308): woocommerce_get_sidebar()
#20 /var/www/html/wp-includes/class-wp-hook.php(332): WP_Hook->apply_filters()
#21 /var/www/html/wp-includes/plugin.php(517): WP_Hook->do_action()
#22 /var/www/html/wp-content/themes/astral/woocommerce/archive-product.php(87): do_action()
#23 /var/www/html/wp-content/plugins/woocommerce/includes/wc-core-functions.php(345): include('...')
#24 /var/www/html/wp-content/themes/astral/woocommerce/taxonomy-product-cat.php(22): wc_get_template()
#25 /var/www/html/wp-includes/template-loader.php(106): include('...')
#26 /var/www/html/wp-blog-header.php(19): require_once('...')
#27 /var/www/html/index.php(17): require('...')
#28 {main}
  thrown in /var/www/html/wp-includes/functions.php on line 1145

2023-02-04T08:24:00+00:00 CRITICAL Uncaught TypeError: strstr(): Argument #1 ($haystack) must be of type string, WP_Error given in /var/www/html/wp-includes/functions.php:1145
Stack trace:
#0 /var/www/html/wp-includes/functions.php(1145): strstr()
#1 /var/www/html/wp-content/plugins/pofily-woo-product-filters/public/class-woo-product-filters-public.php(1123): add_query_arg()
#2 /var/www/html/wp-content/plugins/pofily-woo-product-filters/public/class-woo-product-filters-public.php(1182): VIWCPF_Woo_Product_Filters_Public->viwcpf_get_current_page_url()
#3 /var/www/html/wp-content/plugins/pofily-woo-product-filters/public/partials/template/viwcpf-template-checkbox.php(56): VIWCPF_Woo_Product_Filters_Public->viwcpf_get_clear_url()
#4 /var/www/html/wp-content/plugins/pofily-woo-product-filters/public/class-woo-product-filters-public.php(484): require('...')
#5 /var/www/html/wp-content/plugins/pofily-woo-product-filters/public/class-woo-product-filters-public.php(297): VIWCPF_Woo_Product_Filters_Public->viwcpf_get_template_by_type_show()
#6 /var/www/html/wp-includes/shortcodes.php(355): VIWCPF_Woo_Product_Filters_Public->viwcpf_menu_shortcode()
#7 [internal function]: do_shortcode_tag()
#8 /var/www/html/wp-includes/shortcodes.php(227): preg_replace_callback()
#9 /var/www/html/wp-content/plugins/pofily-woo-product-filters/admin/partials/widget/viwcpf.widget_menu_filter.php(81): do_shortcode()
#10 /var/www/html/wp-includes/class-wp-widget.php(394): VIWCPF_Free_Widget_Filter_Menu->widget()
#11 /var/www/html/wp-includes/widgets.php(835): WP_Widget->display_callback()
#12 /var/www/html/wp-content/themes/astral/sidebar.php(3): dynamic_sidebar()
#13 /var/www/html/wp-includes/template.php(783): require_once('...')
#14 /var/www/html/wp-includes/template.php(718): load_template()
#15 /var/www/html/wp-includes/general-template.php(136): locate_template()
#16 /var/www/html/wp-content/themes/astral/woocommerce/global/sidebar.php(22): get_sidebar()
#17 /var/www/html/wp-content/plugins/woocommerce/includes/wc-core-functions.php(345): include('...')
#18 /var/www/html/wp-content/plugins/woocommerce/includes/wc-template-functions.php(1039): wc_get_template()
#19 /var/www/html/wp-includes/class-wp-hook.php(308): woocommerce_get_sidebar()
#20 /var/www/html/wp-includes/class-wp-hook.php(332): WP_Hook->apply_filters()
#21 /var/www/html/wp-includes/plugin.php(517): WP_Hook->do_action()
#22 /var/www/html/wp-content/themes/astral/woocommerce/archive-product.php(87): do_action()
#23 /var/www/html/wp-content/plugins/woocommerce/includes/wc-core-functions.php(345): include('...')
#24 /var/www/html/wp-content/themes/astral/woocommerce/taxonomy-product-cat.php(22): wc_get_template()
#25 /var/www/html/wp-includes/template-loader.php(106): include('...')
#26 /var/www/html/wp-blog-header.php(19): require_once('...')
#27 /var/www/html/index.php(17): require('...')
#28 {main}
  thrown in /var/www/html/wp-includes/functions.php on line 1145

2023-02-04T08:24:11+00:00 CRITICAL Uncaught TypeError: strstr(): Argument #1 ($haystack) must be of type string, WP_Error given in /var/www/html/wp-includes/functions.php:1145
Stack trace:
#0 /var/www/html/wp-includes/functions.php(1145): strstr()
#1 /var/www/html/wp-content/plugins/pofily-woo-product-filters/public/class-woo-product-filters-public.php(1123): add_query_arg()
#2 /var/www/html/wp-content/plugins/pofily-woo-product-filters/public/class-woo-product-filters-public.php(1182): VIWCPF_Woo_Product_Filters_Public->viwcpf_get_current_page_url()
#3 /var/www/html/wp-content/plugins/pofily-woo-product-filters/public/partials/template/viwcpf-template-checkbox.php(56): VIWCPF_Woo_Product_Filters_Public->viwcpf_get_clear_url()
#4 /var/www/html/wp-content/plugins/pofily-woo-product-filters/public/class-woo-product-filters-public.php(484): require('...')
#5 /var/www/html/wp-content/plugins/pofily-woo-product-filters/public/class-woo-product-filters-public.php(297): VIWCPF_Woo_Product_Filters_Public->viwcpf_get_template_by_type_show()
#6 /var/www/html/wp-includes/shortcodes.php(355): VIWCPF_Woo_Product_Filters_Public->viwcpf_menu_shortcode()
#7 [internal function]: do_shortcode_tag()
#8 /var/www/html/wp-includes/shortcodes.php(227): preg_replace_callback()
#9 /var/www/html/wp-content/plugins/pofily-woo-product-filters/admin/partials/widget/viwcpf.widget_menu_filter.php(81): do_shortcode()
#10 /var/www/html/wp-includes/class-wp-widget.php(394): VIWCPF_Free_Widget_Filter_Menu->widget()
#11 /var/www/html/wp-includes/widgets.php(835): WP_Widget->display_callback()
#12 /var/www/html/wp-content/themes/astral/sidebar.php(3): dynamic_sidebar()
#13 /var/www/html/wp-includes/template.php(783): require_once('...')
#14 /var/www/html/wp-includes/template.php(718): load_template()
#15 /var/www/html/wp-includes/general-template.php(136): locate_template()
#16 /var/www/html/wp-content/themes/astral/woocommerce/global/sidebar.php(22): get_sidebar()
#17 /var/www/html/wp-content/plugins/woocommerce/includes/wc-core-functions.php(345): include('...')
#18 /var/www/html/wp-content/plugins/woocommerce/includes/wc-template-functions.php(1039): wc_get_template()
#19 /var/www/html/wp-includes/class-wp-hook.php(308): woocommerce_get_sidebar()
#20 /var/www/html/wp-includes/class-wp-hook.php(332): WP_Hook->apply_filters()
#21 /var/www/html/wp-includes/plugin.php(517): WP_Hook->do_action()
#22 /var/www/html/wp-content/themes/astral/woocommerce/archive-product.php(87): do_action()
#23 /var/www/html/wp-content/plugins/woocommerce/includes/wc-core-functions.php(345): include('...')
#24 /var/www/html/wp-content/themes/astral/woocommerce/taxonomy-product-cat.php(22): wc_get_template()
#25 /var/www/html/wp-includes/template-loader.php(106): include('...')
#26 /var/www/html/wp-blog-header.php(19): require_once('...')
#27 /var/www/html/index.php(17): require('...')
#28 {main}
  thrown in /var/www/html/wp-includes/functions.php on line 1145

2023-02-04T08:24:24+00:00 CRITICAL Uncaught TypeError: strstr(): Argument #1 ($haystack) must be of type string, WP_Error given in /var/www/html/wp-includes/functions.php:1145
Stack trace:
#0 /var/www/html/wp-includes/functions.php(1145): strstr()
#1 /var/www/html/wp-content/plugins/pofily-woo-product-filters/public/class-woo-product-filters-public.php(1123): add_query_arg()
#2 /var/www/html/wp-content/plugins/pofily-woo-product-filters/public/class-woo-product-filters-public.php(1182): VIWCPF_Woo_Product_Filters_Public->viwcpf_get_current_page_url()
#3 /var/www/html/wp-content/plugins/pofily-woo-product-filters/public/partials/template/viwcpf-template-checkbox.php(56): VIWCPF_Woo_Product_Filters_Public->viwcpf_get_clear_url()
#4 /var/www/html/wp-content/plugins/pofily-woo-product-filters/public/class-woo-product-filters-public.php(484): require('...')
#5 /var/www/html/wp-content/plugins/pofily-woo-product-filters/public/class-woo-product-filters-public.php(297): VIWCPF_Woo_Product_Filters_Public->viwcpf_get_template_by_type_show()
#6 /var/www/html/wp-includes/shortcodes.php(355): VIWCPF_Woo_Product_Filters_Public->viwcpf_menu_shortcode()
#7 [internal function]: do_shortcode_tag()
#8 /var/www/html/wp-includes/shortcodes.php(227): preg_replace_callback()
#9 /var/www/html/wp-content/plugins/pofily-woo-product-filters/admin/partials/widget/viwcpf.widget_menu_filter.php(81): do_shortcode()
#10 /var/www/html/wp-includes/class-wp-widget.php(394): VIWCPF_Free_Widget_Filter_Menu->widget()
#11 /var/www/html/wp-includes/widgets.php(835): WP_Widget->display_callback()
#12 /var/www/html/wp-content/themes/astral/sidebar.php(3): dynamic_sidebar()
#13 /var/www/html/wp-includes/template.php(783): require_once('...')
#14 /var/www/html/wp-includes/template.php(718): load_template()
#15 /var/www/html/wp-includes/general-template.php(136): locate_template()
#16 /var/www/html/wp-content/themes/astral/woocommerce/global/sidebar.php(22): get_sidebar()
#17 /var/www/html/wp-content/plugins/woocommerce/includes/wc-core-functions.php(345): include('...')
#18 /var/www/html/wp-content/plugins/woocommerce/includes/wc-template-functions.php(1039): wc_get_template()
#19 /var/www/html/wp-includes/class-wp-hook.php(308): woocommerce_get_sidebar()
#20 /var/www/html/wp-includes/class-wp-hook.php(332): WP_Hook->apply_filters()
#21 /var/www/html/wp-includes/plugin.php(517): WP_Hook->do_action()
#22 /var/www/html/wp-content/themes/astral/woocommerce/archive-product.php(87): do_action()
#23 /var/www/html/wp-content/plugins/woocommerce/includes/wc-core-functions.php(345): include('...')
#24 /var/www/html/wp-content/themes/astral/woocommerce/taxonomy-product-cat.php(22): wc_get_template()
#25 /var/www/html/wp-includes/template-loader.php(106): include('...')
#26 /var/www/html/wp-blog-header.php(19): require_once('...')
#27 /var/www/html/index.php(17): require('...')
#28 {main}
  thrown in /var/www/html/wp-includes/functions.php on line 1145

2023-02-04T08:24:37+00:00 CRITICAL Uncaught TypeError: strstr(): Argument #1 ($haystack) must be of type string, WP_Error given in /var/www/html/wp-includes/functions.php:1145
Stack trace:
#0 /var/www/html/wp-includes/functions.php(1145): strstr()
#1 /var/www/html/wp-content/plugins/pofily-woo-product-filters/public/class-woo-product-filters-public.php(1123): add_query_arg()
#2 /var/www/html/wp-content/plugins/pofily-woo-product-filters/public/class-woo-product-filters-public.php(1182): VIWCPF_Woo_Product_Filters_Public->viwcpf_get_current_page_url()
#3 /var/www/html/wp-content/plugins/pofily-woo-product-filters/public/partials/template/viwcpf-template-checkbox.php(56): VIWCPF_Woo_Product_Filters_Public->viwcpf_get_clear_url()
#4 /var/www/html/wp-content/plugins/pofily-woo-product-filters/public/class-woo-product-filters-public.php(484): require('...')
#5 /var/www/html/wp-content/plugins/pofily-woo-product-filters/public/class-woo-product-filters-public.php(297): VIWCPF_Woo_Product_Filters_Public->viwcpf_get_template_by_type_show()
#6 /var/www/html/wp-includes/shortcodes.php(355): VIWCPF_Woo_Product_Filters_Public->viwcpf_menu_shortcode()
#7 [internal function]: do_shortcode_tag()
#8 /var/www/html/wp-includes/shortcodes.php(227): preg_replace_callback()
#9 /var/www/html/wp-content/plugins/pofily-woo-product-filters/admin/partials/widget/viwcpf.widget_menu_filter.php(81): do_shortcode()
#10 /var/www/html/wp-includes/class-wp-widget.php(394): VIWCPF_Free_Widget_Filter_Menu->widget()
#11 /var/www/html/wp-includes/widgets.php(835): WP_Widget->display_callback()
#12 /var/www/html/wp-content/themes/astral/sidebar.php(3): dynamic_sidebar()
#13 /var/www/html/wp-includes/template.php(783): require_once('...')
#14 /var/www/html/wp-includes/template.php(718): load_template()
#15 /var/www/html/wp-includes/general-template.php(136): locate_template()
#16 /var/www/html/wp-content/themes/astral/woocommerce/global/sidebar.php(22): get_sidebar()
#17 /var/www/html/wp-content/plugins/woocommerce/includes/wc-core-functions.php(345): include('...')
#18 /var/www/html/wp-content/plugins/woocommerce/includes/wc-template-functions.php(1039): wc_get_template()
#19 /var/www/html/wp-includes/class-wp-hook.php(308): woocommerce_get_sidebar()
#20 /var/www/html/wp-includes/class-wp-hook.php(332): WP_Hook->apply_filters()
#21 /var/www/html/wp-includes/plugin.php(517): WP_Hook->do_action()
#22 /var/www/html/wp-content/themes/astral/woocommerce/archive-product.php(87): do_action()
#23 /var/www/html/wp-content/plugins/woocommerce/includes/wc-core-functions.php(345): include('...')
#24 /var/www/html/wp-content/themes/astral/woocommerce/taxonomy-product-cat.php(22): wc_get_template()
#25 /var/www/html/wp-includes/template-loader.php(106): include('...')
#26 /var/www/html/wp-blog-header.php(19): require_once('...')
#27 /var/www/html/index.php(17): require('...')
#28 {main}
  thrown in /var/www/html/wp-includes/functions.php on line 1145

2023-02-04T08:24:51+00:00 CRITICAL Uncaught TypeError: strstr(): Argument #1 ($haystack) must be of type string, WP_Error given in /var/www/html/wp-includes/functions.php:1145
Stack trace:
#0 /var/www/html/wp-includes/functions.php(1145): strstr()
#1 /var/www/html/wp-content/plugins/pofily-woo-product-filters/public/class-woo-product-filters-public.php(1123): add_query_arg()
#2 /var/www/html/wp-content/plugins/pofily-woo-product-filters/public/class-woo-product-filters-public.php(1182): VIWCPF_Woo_Product_Filters_Public->viwcpf_get_current_page_url()
#3 /var/www/html/wp-content/plugins/pofily-woo-product-filters/public/partials/template/viwcpf-template-checkbox.php(56): VIWCPF_Woo_Product_Filters_Public->viwcpf_get_clear_url()
#4 /var/www/html/wp-content/plugins/pofily-woo-product-filters/public/class-woo-product-filters-public.php(484): require('...')
#5 /var/www/html/wp-content/plugins/pofily-woo-product-filters/public/class-woo-product-filters-public.php(297): VIWCPF_Woo_Product_Filters_Public->viwcpf_get_template_by_type_show()
#6 /var/www/html/wp-includes/shortcodes.php(355): VIWCPF_Woo_Product_Filters_Public->viwcpf_menu_shortcode()
#7 [internal function]: do_shortcode_tag()
#8 /var/www/html/wp-includes/shortcodes.php(227): preg_replace_callback()
#9 /var/www/html/wp-content/plugins/pofily-woo-product-filters/admin/partials/widget/viwcpf.widget_menu_filter.php(81): do_shortcode()
#10 /var/www/html/wp-includes/class-wp-widget.php(394): VIWCPF_Free_Widget_Filter_Menu->widget()
#11 /var/www/html/wp-includes/widgets.php(835): WP_Widget->display_callback()
#12 /var/www/html/wp-content/themes/astral/sidebar.php(3): dynamic_sidebar()
#13 /var/www/html/wp-includes/template.php(783): require_once('...')
#14 /var/www/html/wp-includes/template.php(718): load_template()
#15 /var/www/html/wp-includes/general-template.php(136): locate_template()
#16 /var/www/html/wp-content/themes/astral/woocommerce/global/sidebar.php(22): get_sidebar()
#17 /var/www/html/wp-content/plugins/woocommerce/includes/wc-core-functions.php(345): include('...')
#18 /var/www/html/wp-content/plugins/woocommerce/includes/wc-template-functions.php(1039): wc_get_template()
#19 /var/www/html/wp-includes/class-wp-hook.php(308): woocommerce_get_sidebar()
#20 /var/www/html/wp-includes/class-wp-hook.php(332): WP_Hook->apply_filters()
#21 /var/www/html/wp-includes/plugin.php(517): WP_Hook->do_action()
#22 /var/www/html/wp-content/themes/astral/woocommerce/archive-product.php(87): do_action()
#23 /var/www/html/wp-content/plugins/woocommerce/includes/wc-core-functions.php(345): include('...')
#24 /var/www/html/wp-content/themes/astral/woocommerce/taxonomy-product-cat.php(22): wc_get_template()
#25 /var/www/html/wp-includes/template-loader.php(106): include('...')
#26 /var/www/html/wp-blog-header.php(19): require_once('...')
#27 /var/www/html/index.php(17): require('...')
#28 {main}
  thrown in /var/www/html/wp-includes/functions.php on line 1145

2023-02-04T08:25:07+00:00 CRITICAL Uncaught TypeError: strstr(): Argument #1 ($haystack) must be of type string, WP_Error given in /var/www/html/wp-includes/functions.php:1145
Stack trace:
#0 /var/www/html/wp-includes/functions.php(1145): strstr()
#1 /var/www/html/wp-content/plugins/pofily-woo-product-filters/public/class-woo-product-filters-public.php(1123): add_query_arg()
#2 /var/www/html/wp-content/plugins/pofily-woo-product-filters/public/class-woo-product-filters-public.php(1182): VIWCPF_Woo_Product_Filters_Public->viwcpf_get_current_page_url()
#3 /var/www/html/wp-content/plugins/pofily-woo-product-filters/public/partials/template/viwcpf-template-checkbox.php(56): VIWCPF_Woo_Product_Filters_Public->viwcpf_get_clear_url()
#4 /var/www/html/wp-content/plugins/pofily-woo-product-filters/public/class-woo-product-filters-public.php(484): require('...')
#5 /var/www/html/wp-content/plugins/pofily-woo-product-filters/public/class-woo-product-filters-public.php(297): VIWCPF_Woo_Product_Filters_Public->viwcpf_get_template_by_type_show()
#6 /var/www/html/wp-includes/shortcodes.php(355): VIWCPF_Woo_Product_Filters_Public->viwcpf_menu_shortcode()
#7 [internal function]: do_shortcode_tag()
#8 /var/www/html/wp-includes/shortcodes.php(227): preg_replace_callback()
#9 /var/www/html/wp-content/plugins/pofily-woo-product-filters/admin/partials/widget/viwcpf.widget_menu_filter.php(81): do_shortcode()
#10 /var/www/html/wp-includes/class-wp-widget.php(394): VIWCPF_Free_Widget_Filter_Menu->widget()
#11 /var/www/html/wp-includes/widgets.php(835): WP_Widget->display_callback()
#12 /var/www/html/wp-content/themes/astral/sidebar.php(3): dynamic_sidebar()
#13 /var/www/html/wp-includes/template.php(783): require_once('...')
#14 /var/www/html/wp-includes/template.php(718): load_template()
#15 /var/www/html/wp-includes/general-template.php(136): locate_template()
#16 /var/www/html/wp-content/themes/astral/woocommerce/global/sidebar.php(22): get_sidebar()
#17 /var/www/html/wp-content/plugins/woocommerce/includes/wc-core-functions.php(345): include('...')
#18 /var/www/html/wp-content/plugins/woocommerce/includes/wc-template-functions.php(1039): wc_get_template()
#19 /var/www/html/wp-includes/class-wp-hook.php(308): woocommerce_get_sidebar()
#20 /var/www/html/wp-includes/class-wp-hook.php(332): WP_Hook->apply_filters()
#21 /var/www/html/wp-includes/plugin.php(517): WP_Hook->do_action()
#22 /var/www/html/wp-content/themes/astral/woocommerce/archive-product.php(87): do_action()
#23 /var/www/html/wp-content/plugins/woocommerce/includes/wc-core-functions.php(345): include('...')
#24 /var/www/html/wp-content/themes/astral/woocommerce/taxonomy-product-cat.php(22): wc_get_template()
#25 /var/www/html/wp-includes/template-loader.php(106): include('...')
#26 /var/www/html/wp-blog-header.php(19): require_once('...')
#27 /var/www/html/index.php(17): require('...')
#28 {main}
  thrown in /var/www/html/wp-includes/functions.php on line 1145

2023-02-04T08:25:18+00:00 CRITICAL Uncaught TypeError: strstr(): Argument #1 ($haystack) must be of type string, WP_Error given in /var/www/html/wp-includes/functions.php:1145
Stack trace:
#0 /var/www/html/wp-includes/functions.php(1145): strstr()
#1 /var/www/html/wp-content/plugins/pofily-woo-product-filters/public/class-woo-product-filters-public.php(1123): add_query_arg()
#2 /var/www/html/wp-content/plugins/pofily-woo-product-filters/public/class-woo-product-filters-public.php(1182): VIWCPF_Woo_Product_Filters_Public->viwcpf_get_current_page_url()
#3 /var/www/html/wp-content/plugins/pofily-woo-product-filters/public/partials/template/viwcpf-template-checkbox.php(56): VIWCPF_Woo_Product_Filters_Public->viwcpf_get_clear_url()
#4 /var/www/html/wp-content/plugins/pofily-woo-product-filters/public/class-woo-product-filters-public.php(484): require('...')
#5 /var/www/html/wp-content/plugins/pofily-woo-product-filters/public/class-woo-product-filters-public.php(297): VIWCPF_Woo_Product_Filters_Public->viwcpf_get_template_by_type_show()
#6 /var/www/html/wp-includes/shortcodes.php(355): VIWCPF_Woo_Product_Filters_Public->viwcpf_menu_shortcode()
#7 [internal function]: do_shortcode_tag()
#8 /var/www/html/wp-includes/shortcodes.php(227): preg_replace_callback()
#9 /var/www/html/wp-content/plugins/pofily-woo-product-filters/admin/partials/widget/viwcpf.widget_menu_filter.php(81): do_shortcode()
#10 /var/www/html/wp-includes/class-wp-widget.php(394): VIWCPF_Free_Widget_Filter_Menu->widget()
#11 /var/www/html/wp-includes/widgets.php(835): WP_Widget->display_callback()
#12 /var/www/html/wp-content/themes/astral/sidebar.php(3): dynamic_sidebar()
#13 /var/www/html/wp-includes/template.php(783): require_once('...')
#14 /var/www/html/wp-includes/template.php(718): load_template()
#15 /var/www/html/wp-includes/general-template.php(136): locate_template()
#16 /var/www/html/wp-content/themes/astral/woocommerce/global/sidebar.php(22): get_sidebar()
#17 /var/www/html/wp-content/plugins/woocommerce/includes/wc-core-functions.php(345): include('...')
#18 /var/www/html/wp-content/plugins/woocommerce/includes/wc-template-functions.php(1039): wc_get_template()
#19 /var/www/html/wp-includes/class-wp-hook.php(308): woocommerce_get_sidebar()
#20 /var/www/html/wp-includes/class-wp-hook.php(332): WP_Hook->apply_filters()
#21 /var/www/html/wp-includes/plugin.php(517): WP_Hook->do_action()
#22 /var/www/html/wp-content/themes/astral/woocommerce/archive-product.php(87): do_action()
#23 /var/www/html/wp-content/plugins/woocommerce/includes/wc-core-functions.php(345): include('...')
#24 /var/www/html/wp-content/themes/astral/woocommerce/taxonomy-product-cat.php(22): wc_get_template()
#25 /var/www/html/wp-includes/template-loader.php(106): include('...')
#26 /var/www/html/wp-blog-header.php(19): require_once('...')
#27 /var/www/html/index.php(17): require('...')
#28 {main}
  thrown in /var/www/html/wp-includes/functions.php on line 1145

2023-02-04T08:25:31+00:00 CRITICAL Uncaught TypeError: strstr(): Argument #1 ($haystack) must be of type string, WP_Error given in /var/www/html/wp-includes/functions.php:1145
Stack trace:
#0 /var/www/html/wp-includes/functions.php(1145): strstr()
#1 /var/www/html/wp-content/plugins/pofily-woo-product-filters/public/class-woo-product-filters-public.php(1123): add_query_arg()
#2 /var/www/html/wp-content/plugins/pofily-woo-product-filters/public/class-woo-product-filters-public.php(1182): VIWCPF_Woo_Product_Filters_Public->viwcpf_get_current_page_url()
#3 /var/www/html/wp-content/plugins/pofily-woo-product-filters/public/partials/template/viwcpf-template-checkbox.php(56): VIWCPF_Woo_Product_Filters_Public->viwcpf_get_clear_url()
#4 /var/www/html/wp-content/plugins/pofily-woo-product-filters/public/class-woo-product-filters-public.php(484): require('...')
#5 /var/www/html/wp-content/plugins/pofily-woo-product-filters/public/class-woo-product-filters-public.php(297): VIWCPF_Woo_Product_Filters_Public->viwcpf_get_template_by_type_show()
#6 /var/www/html/wp-includes/shortcodes.php(355): VIWCPF_Woo_Product_Filters_Public->viwcpf_menu_shortcode()
#7 [internal function]: do_shortcode_tag()
#8 /var/www/html/wp-includes/shortcodes.php(227): preg_replace_callback()
#9 /var/www/html/wp-content/plugins/pofily-woo-product-filters/admin/partials/widget/viwcpf.widget_menu_filter.php(81): do_shortcode()
#10 /var/www/html/wp-includes/class-wp-widget.php(394): VIWCPF_Free_Widget_Filter_Menu->widget()
#11 /var/www/html/wp-includes/widgets.php(835): WP_Widget->display_callback()
#12 /var/www/html/wp-content/themes/astral/sidebar.php(3): dynamic_sidebar()
#13 /var/www/html/wp-includes/template.php(783): require_once('...')
#14 /var/www/html/wp-includes/template.php(718): load_template()
#15 /var/www/html/wp-includes/general-template.php(136): locate_template()
#16 /var/www/html/wp-content/themes/astral/woocommerce/global/sidebar.php(22): get_sidebar()
#17 /var/www/html/wp-content/plugins/woocommerce/includes/wc-core-functions.php(345): include('...')
#18 /var/www/html/wp-content/plugins/woocommerce/includes/wc-template-functions.php(1039): wc_get_template()
#19 /var/www/html/wp-includes/class-wp-hook.php(308): woocommerce_get_sidebar()
#20 /var/www/html/wp-includes/class-wp-hook.php(332): WP_Hook->apply_filters()
#21 /var/www/html/wp-includes/plugin.php(517): WP_Hook->do_action()
#22 /var/www/html/wp-content/themes/astral/woocommerce/archive-product.php(87): do_action()
#23 /var/www/html/wp-content/plugins/woocommerce/includes/wc-core-functions.php(345): include('...')
#24 /var/www/html/wp-content/themes/astral/woocommerce/taxonomy-product-cat.php(22): wc_get_template()
#25 /var/www/html/wp-includes/template-loader.php(106): include('...')
#26 /var/www/html/wp-blog-header.php(19): require_once('...')
#27 /var/www/html/index.php(17): require('...')
#28 {main}
  thrown in /var/www/html/wp-includes/functions.php on line 1145

2023-02-04T08:25:45+00:00 CRITICAL Uncaught TypeError: strstr(): Argument #1 ($haystack) must be of type string, WP_Error given in /var/www/html/wp-includes/functions.php:1145
Stack trace:
#0 /var/www/html/wp-includes/functions.php(1145): strstr()
#1 /var/www/html/wp-content/plugins/pofily-woo-product-filters/public/class-woo-product-filters-public.php(1123): add_query_arg()
#2 /var/www/html/wp-content/plugins/pofily-woo-product-filters/public/class-woo-product-filters-public.php(1182): VIWCPF_Woo_Product_Filters_Public->viwcpf_get_current_page_url()
#3 /var/www/html/wp-content/plugins/pofily-woo-product-filters/public/partials/template/viwcpf-template-checkbox.php(56): VIWCPF_Woo_Product_Filters_Public->viwcpf_get_clear_url()
#4 /var/www/html/wp-content/plugins/pofily-woo-product-filters/public/class-woo-product-filters-public.php(484): require('...')
#5 /var/www/html/wp-content/plugins/pofily-woo-product-filters/public/class-woo-product-filters-public.php(297): VIWCPF_Woo_Product_Filters_Public->viwcpf_get_template_by_type_show()
#6 /var/www/html/wp-includes/shortcodes.php(355): VIWCPF_Woo_Product_Filters_Public->viwcpf_menu_shortcode()
#7 [internal function]: do_shortcode_tag()
#8 /var/www/html/wp-includes/shortcodes.php(227): preg_replace_callback()
#9 /var/www/html/wp-content/plugins/pofily-woo-product-filters/admin/partials/widget/viwcpf.widget_menu_filter.php(81): do_shortcode()
#10 /var/www/html/wp-includes/class-wp-widget.php(394): VIWCPF_Free_Widget_Filter_Menu->widget()
#11 /var/www/html/wp-includes/widgets.php(835): WP_Widget->display_callback()
#12 /var/www/html/wp-content/themes/astral/sidebar.php(3): dynamic_sidebar()
#13 /var/www/html/wp-includes/template.php(783): require_once('...')
#14 /var/www/html/wp-includes/template.php(718): load_template()
#15 /var/www/html/wp-includes/general-template.php(136): locate_template()
#16 /var/www/html/wp-content/themes/astral/woocommerce/global/sidebar.php(22): get_sidebar()
#17 /var/www/html/wp-content/plugins/woocommerce/includes/wc-core-functions.php(345): include('...')
#18 /var/www/html/wp-content/plugins/woocommerce/includes/wc-template-functions.php(1039): wc_get_template()
#19 /var/www/html/wp-includes/class-wp-hook.php(308): woocommerce_get_sidebar()
#20 /var/www/html/wp-includes/class-wp-hook.php(332): WP_Hook->apply_filters()
#21 /var/www/html/wp-includes/plugin.php(517): WP_Hook->do_action()
#22 /var/www/html/wp-content/themes/astral/woocommerce/archive-product.php(87): do_action()
#23 /var/www/html/wp-content/plugins/woocommerce/includes/wc-core-functions.php(345): include('...')
#24 /var/www/html/wp-content/themes/astral/woocommerce/taxonomy-product-cat.php(22): wc_get_template()
#25 /var/www/html/wp-includes/template-loader.php(106): include('...')
#26 /var/www/html/wp-blog-header.php(19): require_once('...')
#27 /var/www/html/index.php(17): require('...')
#28 {main}
  thrown in /var/www/html/wp-includes/functions.php on line 1145

2023-02-04T08:25:53+00:00 CRITICAL Uncaught TypeError: strstr(): Argument #1 ($haystack) must be of type string, WP_Error given in /var/www/html/wp-includes/functions.php:1145
Stack trace:
#0 /var/www/html/wp-includes/functions.php(1145): strstr()
#1 /var/www/html/wp-content/plugins/pofily-woo-product-filters/public/class-woo-product-filters-public.php(1123): add_query_arg()
#2 /var/www/html/wp-content/plugins/pofily-woo-product-filters/public/class-woo-product-filters-public.php(1182): VIWCPF_Woo_Product_Filters_Public->viwcpf_get_current_page_url()
#3 /var/www/html/wp-content/plugins/pofily-woo-product-filters/public/partials/template/viwcpf-template-checkbox.php(56): VIWCPF_Woo_Product_Filters_Public->viwcpf_get_clear_url()
#4 /var/www/html/wp-content/plugins/pofily-woo-product-filters/public/class-woo-product-filters-public.php(484): require('...')
#5 /var/www/html/wp-content/plugins/pofily-woo-product-filters/public/class-woo-product-filters-public.php(297): VIWCPF_Woo_Product_Filters_Public->viwcpf_get_template_by_type_show()
#6 /var/www/html/wp-includes/shortcodes.php(355): VIWCPF_Woo_Product_Filters_Public->viwcpf_menu_shortcode()
#7 [internal function]: do_shortcode_tag()
#8 /var/www/html/wp-includes/shortcodes.php(227): preg_replace_callback()
#9 /var/www/html/wp-content/plugins/pofily-woo-product-filters/admin/partials/widget/viwcpf.widget_menu_filter.php(81): do_shortcode()
#10 /var/www/html/wp-includes/class-wp-widget.php(394): VIWCPF_Free_Widget_Filter_Menu->widget()
#11 /var/www/html/wp-includes/widgets.php(835): WP_Widget->display_callback()
#12 /var/www/html/wp-content/themes/astral/sidebar.php(3): dynamic_sidebar()
#13 /var/www/html/wp-includes/template.php(783): require_once('...')
#14 /var/www/html/wp-includes/template.php(718): load_template()
#15 /var/www/html/wp-includes/general-template.php(136): locate_template()
#16 /var/www/html/wp-content/themes/astral/woocommerce/global/sidebar.php(22): get_sidebar()
#17 /var/www/html/wp-content/plugins/woocommerce/includes/wc-core-functions.php(345): include('...')
#18 /var/www/html/wp-content/plugins/woocommerce/includes/wc-template-functions.php(1039): wc_get_template()
#19 /var/www/html/wp-includes/class-wp-hook.php(308): woocommerce_get_sidebar()
#20 /var/www/html/wp-includes/class-wp-hook.php(332): WP_Hook->apply_filters()
#21 /var/www/html/wp-includes/plugin.php(517): WP_Hook->do_action()
#22 /var/www/html/wp-content/themes/astral/woocommerce/archive-product.php(87): do_action()
#23 /var/www/html/wp-content/plugins/woocommerce/includes/wc-core-functions.php(345): include('...')
#24 /var/www/html/wp-content/themes/astral/woocommerce/taxonomy-product-cat.php(22): wc_get_template()
#25 /var/www/html/wp-includes/template-loader.php(106): include('...')
#26 /var/www/html/wp-blog-header.php(19): require_once('...')
#27 /var/www/html/index.php(17): require('...')
#28 {main}
  thrown in /var/www/html/wp-includes/functions.php on line 1145

